<?xml version="1.0" encoding="UTF-8"?>
<!-- Generated by org.testng.reporters.JUnitReportReporter -->
<testsuite hostname="collaberas-mbp" failures="0" tests="1" name="testAndroid.TestAndroidPhoneAppium" time="6.227" errors="0" timestamp="2023-05-09T16:29:38 PST" skipped="0">
  <testcase classname="testAndroid.TestAndroidPhoneAppium" name="wifiSettings" time="6.227"/>
  <system-out/>
</testsuite> <!-- testAndroid.TestAndroidPhoneAppium -->
