<?xml version="1.0" encoding="UTF-8"?>
<!-- Generated by org.testng.reporters.JUnitReportReporter -->
<testsuite hostname="collaberas-mbp" failures="0" tests="6" name="TestiOSPhone.TestiOSTabletAppium" time="17.704" errors="0" timestamp="2023-05-09T16:03:08 PST" skipped="0">
  <testcase classname="TestiOSPhone.TestiOSTabletAppium" name="touchandhold" time="6.300"/>
  <system-out/>
  <testcase classname="TestiOSPhone.TestiOSTabletAppium" name="scroll" time="1.213"/>
  <system-out/>
  <testcase classname="TestiOSPhone.TestiOSTabletAppium" name="selectDatePickerValue" time="2.141"/>
  <system-out/>
  <testcase classname="TestiOSPhone.TestiOSTabletAppium" name="swipe" time="0.707"/>
  <system-out/>
  <testcase classname="TestiOSPhone.TestiOSTabletAppium" name="clickButtons" time="4.677"/>
  <system-out/>
  <testcase classname="TestiOSPhone.TestiOSTabletAppium" name="dragFromToForDuration" time="2.666"/>
  <system-out/>
</testsuite> <!-- TestiOSPhone.TestiOSTabletAppium -->
