<?xml version="1.0" encoding="UTF-8"?>
<!-- Generated by org.testng.reporters.JUnitReportReporter -->
<testsuite hostname="collaberas-mbp" failures="0" tests="6" name="TestiOSPhone.TestiOSPhoneAppium" time="20.312" errors="0" timestamp="2023-05-09T16:00:23 PST" skipped="0">
  <testcase classname="TestiOSPhone.TestiOSPhoneAppium" name="touchandhold" time="6.464"/>
  <system-out/>
  <testcase classname="TestiOSPhone.TestiOSPhoneAppium" name="scroll" time="2.082"/>
  <system-out/>
  <testcase classname="TestiOSPhone.TestiOSPhoneAppium" name="selectDatePickerValue" time="2.860"/>
  <system-out/>
  <testcase classname="TestiOSPhone.TestiOSPhoneAppium" name="swipe" time="2.041"/>
  <system-out/>
  <testcase classname="TestiOSPhone.TestiOSPhoneAppium" name="clickButtons" time="3.506"/>
  <system-out/>
  <testcase classname="TestiOSPhone.TestiOSPhoneAppium" name="dragFromToForDuration" time="3.359"/>
  <system-out/>
</testsuite> <!-- TestiOSPhone.TestiOSPhoneAppium -->
