<?xml version="1.0" encoding="UTF-8"?>
<!-- Generated by org.testng.reporters.JUnitReportReporter -->
<testsuite hostname="collaberas-mbp" failures="0" tests="1" name="testAndroid.TestAndroidTabletAppium" time="10.980" errors="0" timestamp="2023-05-09T16:32:50 PST" skipped="0">
  <testcase classname="testAndroid.TestAndroidTabletAppium" name="wifiSettings" time="10.980"/>
  <system-out/>
</testsuite> <!-- testAndroid.TestAndroidTabletAppium -->
