<?xml version="1.0" encoding="UTF-8"?>
<!-- Generated by org.testng.reporters.JUnitReportReporter -->
<testsuite hostname="collaberas-mbp" failures="0" tests="6" name="TestiOSPhone.TestiOSPhoneAppium1" time="20.164" errors="0" timestamp="2023-05-09T15:59:46 PST" skipped="0">
  <testcase classname="TestiOSPhone.TestiOSPhoneAppium1" name="touchandhold" time="6.462"/>
  <system-out/>
  <testcase classname="TestiOSPhone.TestiOSPhoneAppium1" name="scroll" time="2.084"/>
  <system-out/>
  <testcase classname="TestiOSPhone.TestiOSPhoneAppium1" name="selectDatePickerValue" time="2.856"/>
  <system-out/>
  <testcase classname="TestiOSPhone.TestiOSPhoneAppium1" name="swipe" time="2.036"/>
  <system-out/>
  <testcase classname="TestiOSPhone.TestiOSPhoneAppium1" name="clickButtons" time="3.327"/>
  <system-out/>
  <testcase classname="TestiOSPhone.TestiOSPhoneAppium1" name="dragFromToForDuration" time="3.399"/>
  <system-out/>
</testsuite> <!-- TestiOSPhone.TestiOSPhoneAppium1 -->
